<?xml version="1.0" encoding="UTF-8"?>
<!-- Generated by org.testng.reporters.JUnitReportReporter -->
<testsuite skipped="0" hostname="DESKTOP-OGBIQL2" name="qaclickacademy.AppiumTest" tests="2" failures="0" timestamp="2021-12-11T19:30:32 PKT" time="0.038" errors="0">
  <testcase name="APPIUM2" time="0.007" classname="qaclickacademy.AppiumTest"/>
  <system-out/>
  <testcase name="APPIUM" time="0.031" classname="qaclickacademy.AppiumTest"/>
  <system-out/>
</testsuite> <!-- qaclickacademy.AppiumTest -->
