<?xml version="1.0" encoding="UTF-8"?>
<!-- Generated by org.testng.reporters.JUnitReportReporter -->
<testsuite skipped="0" hostname="DESKTOP-OGBIQL2" name="qaclickacademy.APITest" tests="2" failures="0" timestamp="2021-12-12T12:45:21 PKT" time="0.087" errors="0">
  <testcase name="api2" time="0.040" classname="qaclickacademy.APITest"/>
  <system-out/>
  <testcase name="api" time="0.047" classname="qaclickacademy.APITest"/>
  <system-out/>
</testsuite> <!-- qaclickacademy.APITest -->
