<?xml version="1.0" encoding="UTF-8"?>
<!-- Generated by org.testng.reporters.JUnitReportReporter -->
<testsuite skipped="0" hostname="DESKTOP-OGBIQL2" name="qaclickacademy.SeleinumTest" tests="2" failures="0" timestamp="2021-12-12T13:18:21 PKT" time="0.029" errors="0">
  <testcase name="Browser" time="0.026" classname="qaclickacademy.SeleinumTest"/>
  <system-out/>
  <testcase name="Browser2" time="0.003" classname="qaclickacademy.SeleinumTest"/>
  <system-out/>
</testsuite> <!-- qaclickacademy.SeleinumTest -->
