<?xml version="1.0" encoding="UTF-8"?>
<!-- Generated by org.testng.reporters.JUnitReportReporter -->
<testsuite skipped="0" hostname="DESKTOP-OGBIQL2" name="qaclickacademy.SeleinumTest" tests="2" failures="0" timestamp="12 Dec 2021 07:22:36 GMT" time="0.001" errors="0">
  <testcase name="Browser2" time="0.001" classname="qaclickacademy.SeleinumTest"/>
  <testcase name="Browser" time="0.000" classname="qaclickacademy.SeleinumTest"/>
</testsuite> <!-- qaclickacademy.SeleinumTest -->
