<?xml version="1.0" encoding="UTF-8"?>
<!-- Generated by org.testng.reporters.JUnitReportReporter -->
<testsuite skipped="0" hostname="DESKTOP-OGBIQL2" name="qaclickacademy.AppiumTest" tests="2" failures="0" timestamp="12 Dec 2021 07:22:36 GMT" time="0.000" errors="0">
  <testcase name="APPIUM2" time="0.000" classname="qaclickacademy.AppiumTest"/>
  <testcase name="APPIUM" time="0.000" classname="qaclickacademy.AppiumTest"/>
</testsuite> <!-- qaclickacademy.AppiumTest -->
