<?xml version="1.0" encoding="UTF-8"?>
<!-- Generated by org.testng.reporters.JUnitReportReporter -->
<testsuite skipped="0" hostname="DESKTOP-OGBIQL2" name="qaclickacademy.APITest" tests="2" failures="0" timestamp="12 Dec 2021 07:22:36 GMT" time="0.025" errors="0">
  <testcase name="api" time="0.025" classname="qaclickacademy.APITest"/>
  <testcase name="api2" time="0.000" classname="qaclickacademy.APITest"/>
</testsuite> <!-- qaclickacademy.APITest -->
